c:\users\administrator\documents\visual studio 2013\projects\dialogmfc\dialogmfc\debug\dialogmfc.pch
c:\users\administrator\documents\visual studio 2013\projects\dialogmfc\dialogmfc\debug\vc120.pdb
c:\users\administrator\documents\visual studio 2013\projects\dialogmfc\dialogmfc\debug\vc120.idb
c:\users\administrator\documents\visual studio 2013\projects\dialogmfc\dialogmfc\debug\stdafx.obj
c:\users\administrator\documents\visual studio 2013\projects\dialogmfc\dialogmfc\debug\source.obj
c:\users\administrator\documents\visual studio 2013\projects\dialogmfc\dialogmfc\debug\dialogmfc.obj
c:\users\administrator\documents\visual studio 2013\projects\dialogmfc\dialogmfc\debug\dialogmfcdlg.obj
c:\users\administrator\documents\visual studio 2013\projects\dialogmfc\debug\dialogmfc.ilk
c:\users\administrator\documents\visual studio 2013\projects\dialogmfc\debug\dialogmfc.exe
c:\users\administrator\documents\visual studio 2013\projects\dialogmfc\debug\dialogmfc.pdb
c:\users\administrator\documents\visual studio 2013\projects\dialogmfc\dialogmfc\debug\dialogmfc.res
c:\users\administrator\documents\visual studio 2013\projects\dialogmfc\dialogmfc\debug\dialogmfc.tlog\cl.command.1.tlog
c:\users\administrator\documents\visual studio 2013\projects\dialogmfc\dialogmfc\debug\dialogmfc.tlog\cl.read.1.tlog
c:\users\administrator\documents\visual studio 2013\projects\dialogmfc\dialogmfc\debug\dialogmfc.tlog\cl.write.1.tlog
c:\users\administrator\documents\visual studio 2013\projects\dialogmfc\dialogmfc\debug\dialogmfc.tlog\link.command.1.tlog
c:\users\administrator\documents\visual studio 2013\projects\dialogmfc\dialogmfc\debug\dialogmfc.tlog\link.read.1.tlog
c:\users\administrator\documents\visual studio 2013\projects\dialogmfc\dialogmfc\debug\dialogmfc.tlog\link.write.1.tlog
c:\users\administrator\documents\visual studio 2013\projects\dialogmfc\dialogmfc\debug\dialogmfc.tlog\rc.command.1.tlog
c:\users\administrator\documents\visual studio 2013\projects\dialogmfc\dialogmfc\debug\dialogmfc.tlog\rc.read.1.tlog
c:\users\administrator\documents\visual studio 2013\projects\dialogmfc\dialogmfc\debug\dialogmfc.tlog\rc.write.1.tlog
