生成启动时间为 2019/1/1 16:24:37。
     1>项目“E:\visual studio\PROJECTS\Detec-2-MFC\Detec-2-MFC\Detec-2-MFC.vcxproj”在节点 2 上(Rebuild 个目标)。
     1>ClCompile:
         D:\VC\VC\bin\CL.exe /c /ZI /nologo /W3 /WX- /sdl /Od /Oy- /D WIN32 /D _WINDOWS /D _DEBUG /D _UNICODE /D UNICODE /D _AFXDLL /Gm /EHsc /RTC1 /MDd /GS /fp:precise /Zc:wchar_t /Zc:forScope /Yc"stdafx.h" /Fp"Debug\Detec-2-MFC.pch" /Fo"Debug\\" /Fd"Debug\vc120.pdb" /Gd /TP /analyze- /errorReport:prompt stdafx.cpp
         stdafx.cpp
         D:\VC\VC\bin\CL.exe /c /ZI /nologo /W3 /WX- /sdl /Od /Oy- /D WIN32 /D _WINDOWS /D _DEBUG /D _UNICODE /D UNICODE /D _AFXDLL /Gm /EHsc /RTC1 /MDd /GS /fp:precise /Zc:wchar_t /Zc:forScope /Yu"stdafx.h" /Fp"Debug\Detec-2-MFC.pch" /Fo"Debug\\" /Fd"Debug\vc120.pdb" /Gd /TP /analyze- /errorReport:prompt "Detec-2-MFC.cpp" "Detec-2-MFCDlg.cpp"
         Detec-2-MFCDlg.cpp
         Detec-2-MFC.cpp
         正在生成代码...
       ResourceCompile:
         C:\Program Files (x86)\Windows Kits\8.1\bin\x86\rc.exe /D _DEBUG /D _UNICODE /D UNICODE /D _AFXDLL /l"0x0804" /IDebug\ /nologo /fo"Debug\Detec-2-MFC.res" Detec-2-MFC.rc 
       Link:
         D:\VC\VC\bin\link.exe /ERRORREPORT:PROMPT /OUT:"E:\visual studio\PROJECTS\Detec-2-MFC\Debug\Detec-2-MFC.exe" /INCREMENTAL /NOLOGO Packet.lib wpcap.lib opencv_ml2411d.lib opencv_calib3d2411d.lib opencv_contrib2411d.lib opencv_core2411d.lib opencv_features2d2411d.lib opencv_flann2411d.lib opencv_gpu2411d.lib opencv_highgui2411d.lib opencv_imgproc2411d.lib opencv_legacy2411d.lib opencv_nonfree2411d.lib opencv_objdetect2411d.lib opencv_ocl2411d.lib opencv_photo2411d.lib opencv_stitching2411d.lib opencv_superres2411d.lib opencv_ts2411d.lib opencv_video2411d.lib opencv_videostab2411d.lib /MANIFEST /MANIFESTUAC:"level='asInvoker' uiAccess='false'" /manifest:embed /manifestinput:D:\VC\VC\Include\Manifest\dpiaware.manifest /DEBUG /PDB:"E:\visual studio\PROJECTS\Detec-2-MFC\Debug\Detec-2-MFC.pdb" /SUBSYSTEM:WINDOWS /TLBID:1 /ENTRY:"wWinMainCRTStartup" /DYNAMICBASE /NXCOMPAT /IMPLIB:"E:\visual studio\PROJECTS\Detec-2-MFC\Debug\Detec-2-MFC.lib" /MACHINE:X86 "Debug\Detec-2-MFC.res"
         "Debug\Detec-2-MFC.obj"
         "Debug\Detec-2-MFCDlg.obj"
         Debug\stdafx.obj
         Detec-2-MFC.vcxproj -> E:\visual studio\PROJECTS\Detec-2-MFC\Debug\Detec-2-MFC.exe
     1>已完成生成项目“E:\visual studio\PROJECTS\Detec-2-MFC\Detec-2-MFC\Detec-2-MFC.vcxproj”(Rebuild 个目标)的操作。

生成成功。

已用时间 00:00:03.18
